[debug] [2019-10-12T16:22:02.412Z] ----------------------------------------------------------------------
[debug] [2019-10-12T16:22:02.415Z] Command:       C:\Program Files\nodejs\node.exe C:\Users\Bladimir\AppData\Roaming\npm\node_modules\firebase-tools\lib\bin\firebase.js init
[debug] [2019-10-12T16:22:02.416Z] CLI Version:   7.5.0
[debug] [2019-10-12T16:22:02.416Z] Platform:      win32
[debug] [2019-10-12T16:22:02.416Z] Node Version:  v10.15.1
[debug] [2019-10-12T16:22:02.417Z] Time:          Sat Oct 12 2019 12:22:02 GMT-0400 (GMT-04:00)
[debug] [2019-10-12T16:22:02.417Z] ----------------------------------------------------------------------
[debug] 
[debug] [2019-10-12T16:22:02.428Z] > command requires scopes: ["email","openid","https://www.googleapis.com/auth/cloudplatformprojects.readonly","https://www.googleapis.com/auth/firebase","https://www.googleapis.com/auth/cloud-platform"]
[debug] [2019-10-12T16:22:02.428Z] > authorizing via signed-in user
[info] 
     ######## #### ########  ######## ########     ###     ######  ########
     ##        ##  ##     ## ##       ##     ##  ##   ##  ##       ##
     ######    ##  ########  ######   ########  #########  ######  ######
     ##        ##  ##    ##  ##       ##     ## ##     ##       ## ##
     ##       #### ##     ## ######## ########  ##     ##  ######  ########

You're about to initialize a Firebase project in this directory:

  C:\Users\Bladimir\Desktop\unidivisas

Before we get started, keep in mind:

  * You are initializing in an existing Firebase project directory

[info] 
=== Project Setup
[info] 
[info] First, let's associate this project directory with a Firebase project.
[info] You can create multiple project aliases by running firebase use --add, 
[info] but for now we'll just set up a default project.
[info] 
[info] i  .firebaserc already has a default project, using unidivisas-77768.
[debug] [2019-10-12T16:22:39.412Z] > refreshing access token with scopes: ["email","https://www.googleapis.com/auth/cloud-platform","https://www.googleapis.com/auth/cloudplatformprojects.readonly","https://www.googleapis.com/auth/firebase","openid"]
[debug] [2019-10-12T16:22:39.412Z] >>> HTTP REQUEST POST https://www.googleapis.com/oauth2/v3/token  
 <request body omitted>
[debug] [2019-10-12T16:22:40.467Z] <<< HTTP RESPONSE 400
[debug] [2019-10-12T16:22:40.469Z] >>> HTTP REQUEST GET https://firebase.googleapis.com/v1beta1/projects/unidivisas-77768  
 
[debug] [2019-10-12T16:22:41.525Z] <<< HTTP RESPONSE 401
[debug] [2019-10-12T16:22:41.526Z] <<< HTTP RESPONSE BODY
[debug] [2019-10-12T16:22:41.528Z] HTTP Error: 401, Request had invalid authentication credentials. Expected OAuth 2 access token, login cookie or other valid authentication credential. See https://developers.google.com/identity/sign-in/web/devconsole-project.
[debug] [2019-10-12T16:22:42.440Z] FirebaseError: HTTP Error: 401, Request had invalid authentication credentials. Expected OAuth 2 access token, login cookie or other valid authentication credential. See https://developers.google.com/identity/sign-in/web/devconsole-project.
    at module.exports (C:\Users\Bladimir\AppData\Roaming\npm\node_modules\firebase-tools\lib\responseToError.js:38:12)
    at Request._callback (C:\Users\Bladimir\AppData\Roaming\npm\node_modules\firebase-tools\lib\api.js:39:35)
    at Request.self.callback (C:\Users\Bladimir\AppData\Roaming\npm\node_modules\firebase-tools\node_modules\request\request.js:185:22)
    at Request.emit (events.js:189:13)
    at Request.EventEmitter.emit (domain.js:441:20)
    at Request.<anonymous> (C:\Users\Bladimir\AppData\Roaming\npm\node_modules\firebase-tools\node_modules\request\request.js:1161:10)
    at Request.emit (events.js:189:13)
    at Request.EventEmitter.emit (domain.js:441:20)
    at IncomingMessage.<anonymous> (C:\Users\Bladimir\AppData\Roaming\npm\node_modules\firebase-tools\node_modules\request\request.js:1083:12)
    at Object.onceWrapper (events.js:277:13)
[error] 
[error] Error: Failed to get Firebase project unidivisas-77768. Please make sure the project exists and your account has permission to access it.
